2017-03-21 07:10:38,905 [3] ERROR Accela.ACA.Web.Global - Invaild Argument.
SOURCE: Accela.ACA.Web
TARGETSITE: System.Web.IHttpHandler GetHandler(Accela.ACA.Web.Handlers.HttpHandlerConfigObject, System.Type)
STACKTRACE:    at Accela.ACA.Web.Handlers.UrlRountingHandleFactory.GetHandler(HttpHandlerConfigObject section, Type type)
   at Accela.ACA.Web.Handlers.UrlRountingHandleFactory.GetHandler(HttpContext context, String requestType, String url, String pathTranslated)
   at System.Web.HttpApplication.MapHttpHandler(HttpContext context, String requestType, VirtualPath path, String pathTranslated, Boolean useAppConfig)
   at System.Web.HttpApplication.MapHandlerExecutionStep.System.Web.HttpApplication.IExecutionStep.Execute()
   at System.Web.HttpApplication.ExecuteStep(IExecutionStep step, Boolean& completedSynchronously)
2017-03-21 07:10:40,668 [11] ERROR Accela.ACA.Web.Global - Invaild Argument.
SOURCE: Accela.ACA.Web
TARGETSITE: System.Web.IHttpHandler GetHandler(Accela.ACA.Web.Handlers.HttpHandlerConfigObject, System.Type)
STACKTRACE:    at Accela.ACA.Web.Handlers.UrlRountingHandleFactory.GetHandler(HttpHandlerConfigObject section, Type type)
   at Accela.ACA.Web.Handlers.UrlRountingHandleFactory.GetHandler(HttpContext context, String requestType, String url, String pathTranslated)
   at System.Web.HttpApplication.MapHttpHandler(HttpContext context, String requestType, VirtualPath path, String pathTranslated, Boolean useAppConfig)
   at System.Web.HttpApplication.MapHandlerExecutionStep.System.Web.HttpApplication.IExecutionStep.Execute()
   at System.Web.HttpApplication.ExecuteStep(IExecutionStep step, Boolean& completedSynchronously)
2017-03-21 07:10:42,415 [3] ERROR Accela.ACA.Web.Global - Invaild Argument.
SOURCE: Accela.ACA.Web
TARGETSITE: System.Web.IHttpHandler GetHandler(Accela.ACA.Web.Handlers.HttpHandlerConfigObject, System.Type)
STACKTRACE:    at Accela.ACA.Web.Handlers.UrlRountingHandleFactory.GetHandler(HttpHandlerConfigObject section, Type type)
   at Accela.ACA.Web.Handlers.UrlRountingHandleFactory.GetHandler(HttpContext context, String requestType, String url, String pathTranslated)
   at System.Web.HttpApplication.MapHttpHandler(HttpContext context, String requestType, VirtualPath path, String pathTranslated, Boolean useAppConfig)
   at System.Web.HttpApplication.MapHandlerExecutionStep.System.Web.HttpApplication.IExecutionStep.Execute()
   at System.Web.HttpApplication.ExecuteStep(IExecutionStep step, Boolean& completedSynchronously)
